
**** Build of configuration Debug for project motorpidservo ****

"C:\\ti\\ccsv7\\utils\\bin\\gmake" -k -j 4 all -O 
'Building file: ../driverlib/epi_workaround_ccs.s'
'Invoking: GNU Compiler'
"C:/ti/ccsv7/tools/compiler/gcc-arm-none-eabi-6-2017-q1-update/bin/arm-none-eabi-gcc.exe" -c -mcpu=cortex-m4 -march=armv7e-m -mthumb -mfloat-abi=hard -mfpu=fpv4-sp-d16 -DPART_TM4C123GH6PM -I"E:/Graduation project/coding/Final_Grad_CODE_INTEGRATION/MOTOR_PID_SERVO/motorpidservo" -I"C:/ti/ccsv7/tools/compiler/gcc-arm-none-eabi-6-2017-q1-update/arm-none-eabi/include" -ffunction-sections -fdata-sections -g -gdwarf-3 -gstrict-dwarf -Wall -specs="nosys.specs" -MD -std=c99 -c -MMD -MP -MF"driverlib/epi_workaround_ccs.d" -MT"driverlib/epi_workaround_ccs.o" -o"driverlib/epi_workaround_ccs.o"  "../driverlib/epi_workaround_ccs.s"
driverlib/subdir_rules.mk:16: recipe for target 'driverlib/epi_workaround_ccs.o' failed
../driverlib/epi_workaround_ccs.s: Assembler messages:
../driverlib/epi_workaround_ccs.s:1: Error: junk at end of line, first unrecognized character is `*'
../driverlib/epi_workaround_ccs.s:3: Error: bad size 0 in type specifier
../driverlib/epi_workaround_ccs.s:3: Error: bad instruction `epi_workaround_ccs.s -EPI memory access functions.'
../driverlib/epi_workaround_ccs.s:5: Error: bad instruction `copyright (c)2013-2017 Texas Instruments Incorporated. All rights reserved.'
../driverlib/epi_workaround_ccs.s:6: Error: bad instruction `software License Agreement'
../driverlib/epi_workaround_ccs.s:8: Error: bad instruction `redistribution and use in source and binary forms,with or without'
../driverlib/epi_workaround_ccs.s:9: Error: bad instruction `modification, are permitted provided that the following conditions'
../driverlib/epi_workaround_ccs.s:10: Error: bad instruction `are met:'
../driverlib/epi_workaround_ccs.s:12: Error: bad instruction `redistributions of source code must retain the above copyright'
../driverlib/epi_workaround_ccs.s:13: Error: bad instruction `notice, this list of conditions and the following disclaimer.'
../driverlib/epi_workaround_ccs.s:15: Error: bad instruction `redistributions in binary form must reproduce the above copyright'
../driverlib/epi_workaround_ccs.s:16: Error: bad instruction `notice, this list of conditions and the following disclaimer in the'
../driverlib/epi_workaround_ccs.s:17: Error: bad instruction `documentation and/or other materials provided with the'
../driverlib/epi_workaround_ccs.s:18: Error: unexpected character `
../driverlib/epi_workaround_ccs.s:18: Error: bad instruction `distribution.'
../driverlib/epi_workaround_ccs.s:20: Error: bad instruction `neither the name of Texas Instruments Incorporated nor the names of'
../driverlib/epi_workaround_ccs.s:21: Error: bad instruction `its contributors may be used to endorse or promote products derived'
../driverlib/epi_workaround_ccs.s:22: Error: bad instruction `from this software without specific prior written permission.'
../driverlib/epi_workaround_ccs.s:24: Error: bad instruction `this SOFTWARE IS PROVIDED BY THE COPYRIGHT HOLDERS AND CONTRIBUTORS'
../driverlib/epi_workaround_ccs.s:25: Error: bad instruction `as is"AND ANY EXPRESS OR IMPLIED WARRANTIES,INCLUDING,BUT NOT'
../driverlib/epi_workaround_ccs.s:26: Error: bad instruction `limited TO,THE IMPLIED WARRANTIES OF MERCHANTABILITY AND FITNESS FOR'
../driverlib/epi_workaround_ccs.s:27: Error: bad instruction `a PARTICULAR PURPOSE ARE DISCLAIMED. IN NO EVENT SHALL THE COPYRIGHT'
../driverlib/epi_workaround_ccs.s:28: Error: bad instruction `owner OR CONTRIBUTORS BE LIABLE FOR ANY DIRECT,INDIRECT,INCIDENTAL,'
../driverlib/epi_workaround_ccs.s:29: Error: bad instruction `special, EXEMPLARY,OR CONSEQUENTIAL DAMAGES(INCLUDING,BUT NOT'
../driverlib/epi_workaround_ccs.s:30: Error: bad instruction `limited TO,PROCUREMENT OF SUBSTITUTE GOODS OR SERVICES'
../driverlib/epi_workaround_ccs.s:30: Error: bad instruction `loss OF USE,'
../driverlib/epi_workaround_ccs.s:31: Error: bad instruction `data, OR PROFITS'
../driverlib/epi_workaround_ccs.s:31: Error: bad instruction `or BUSINESS INTERRUPTION)HOWEVER CAUSED AND ON ANY'
../driverlib/epi_workaround_ccs.s:32: Error: bad instruction `theory OF LIABILITY,WHETHER IN CONTRACT,STRICT LIABILITY,OR TORT'
../driverlib/epi_workaround_ccs.s:33: Error: junk at end of line, first unrecognized character is `('
../driverlib/epi_workaround_ccs.s:34: Error: bad instruction `of THIS SOFTWARE,EVEN IF ADVISED OF THE POSSIBILITY OF SUCH DAMAGE.'
../driverlib/epi_workaround_ccs.s:36: Error: bad instruction `this is part of revision 2.1.4.178 of the Tiva Peripheral Driver Library.'
../driverlib/epi_workaround_ccs.s:38: Error: junk at end of line, first unrecognized character is `*'
../driverlib/epi_workaround_ccs.s:40: Error: junk at end of line, first unrecognized character is `*'
../driverlib/epi_workaround_ccs.s:42: Error: bad instruction `void EPIWorkaroundWordWrite(uint32_t*pui32Addr,uint32_t ui32Value)'
../driverlib/epi_workaround_ccs.s:44: Error: junk at end of line, first unrecognized character is `*'
../driverlib/epi_workaround_ccs.s:49: Error: bad instruction `include a no-op to ensure that we don116have a flash data access'
../driverlib/epi_workaround_ccs.s:50: Error: bad instruction `immediately before the EPI access.'
../driverlib/epi_workaround_ccs.s:55: Error: bad instruction `store the word in EPI memory.'
../driverlib/epi_workaround_ccs.s:60: Error: bad instruction `make a dummy read from the stack to ensure that we don116have a flash'
../driverlib/epi_workaround_ccs.s:61: Error: bad instruction `data access immediately after the EPI access.'
../driverlib/epi_workaround_ccs.s:66: Error: bad instruction `return to the caller.'
../driverlib/epi_workaround_ccs.s:72: Error: junk at end of line, first unrecognized character is `*'
../driverlib/epi_workaround_ccs.s:74: Error: bad instruction `uint32_t EPIWorkaroundWordRead(uint32_t*pui32Addr)'
../driverlib/epi_workaround_ccs.s:76: Error: junk at end of line, first unrecognized character is `*'
../driverlib/epi_workaround_ccs.s:81: Error: bad instruction `include a no-op to ensure that we don116have a flash data access'
../driverlib/epi_workaround_ccs.s:82: Error: bad instruction `immediately before the EPI access.'
../driverlib/epi_workaround_ccs.s:87: Error: bad instruction `read the word from EPI memory.'
../driverlib/epi_workaround_ccs.s:92: Error: bad instruction `make a dummy read from the stack to ensure that we don116have a flash'
../driverlib/epi_workaround_ccs.s:93: Error: bad instruction `data access immediately after the EPI access.'
../driverlib/epi_workaround_ccs.s:98: Error: bad instruction `return to the caller.'
../driverlib/epi_workaround_ccs.s:105: Error: junk at end of line, first unrecognized character is `*'
../driverlib/epi_workaround_ccs.s:107: Error: bad instruction `void EPIWorkaroundHWordWrite(uint16_t*pui16Addr,uint16_t ui16Value)'
../driverlib/epi_workaround_ccs.s:109: Error: junk at end of line, first unrecognized character is `*'
../driverlib/epi_workaround_ccs.s:114: Error: bad instruction `include a no-op to ensure that we don116have a flash data access'
../driverlib/epi_workaround_ccs.s:115: Error: bad instruction `immediately before the EPI access.'
../driverlib/epi_workaround_ccs.s:120: Error: bad instruction `store the word in EPI memory.'
../driverlib/epi_workaround_ccs.s:125: Error: bad instruction `make a dummy read from the stack to ensure that we don116have a flash'
../driverlib/epi_workaround_ccs.s:126: Error: bad instruction `data access immediately after the EPI access.'
../driverlib/epi_workaround_ccs.s:131: Error: bad instruction `return to the caller.'
../driverlib/epi_workaround_ccs.s:137: Error: junk at end of line, first unrecognized character is `*'
../driverlib/epi_workaround_ccs.s:139: Error: bad instruction `uint16_t EPIWorkaroundHWordRead(uint16_t*pui16Addr)'
../driverlib/epi_workaround_ccs.s:141: Error: junk at end of line, first unrecognized character is `*'
../driverlib/epi_workaround_ccs.s:146: Error: bad instruction `include a no-op to ensure that we don116have a flash data access'
../driverlib/epi_workaround_ccs.s:147: Error: bad instruction `immediately before the EPI access.'
../driverlib/epi_workaround_ccs.s:152: Error: bad instruction `read the half word from EPI memory.'
../driverlib/epi_workaround_ccs.s:157: Error: bad instruction `make a dummy read from the stack to ensure that we don116have a flash'
../driverlib/epi_workaround_ccs.s:158: Error: bad instruction `data access immediately after the EPI access.'
../driverlib/epi_workaround_ccs.s:163: Error: bad instruction `return to the caller.'
../driverlib/epi_workaround_ccs.s:169: Error: junk at end of line, first unrecognized character is `*'
../driverlib/epi_workaround_ccs.s:171: Error: bad instruction `void EPIWorkaroundByteWrite(uint8_t*pui8Addr,uint8_t ui8Value)'
../driverlib/epi_workaround_ccs.s:173: Error: junk at end of line, first unrecognized character is `*'
../driverlib/epi_workaround_ccs.s:178: Error: bad instruction `include a no-op to ensure that we don116have a flash data access'
../driverlib/epi_workaround_ccs.s:179: Error: bad instruction `immediately before the EPI access.'
../driverlib/epi_workaround_ccs.s:184: Error: bad instruction `store the byte in EPI memory.'
../driverlib/epi_workaround_ccs.s:189: Error: bad instruction `make a dummy read from the stack to ensure that we don116have a flash'
../driverlib/epi_workaround_ccs.s:190: Error: bad instruction `data access immediately after the EPI access.'
../driverlib/epi_workaround_ccs.s:195: Error: bad instruction `return to the caller.'
../driverlib/epi_workaround_ccs.s:201: Error: junk at end of line, first unrecognized character is `*'
../driverlib/epi_workaround_ccs.s:203: Error: bad instruction `uint8_t EPIWorkaroundByteRead(uint8_t*pui8Addr)'
../driverlib/epi_workaround_ccs.s:205: Error: junk at end of line, first unrecognized character is `*'
../driverlib/epi_workaround_ccs.s:210: Error: bad instruction `include a no-op to ensure that we don116have a flash data access'
../driverlib/epi_workaround_ccs.s:211: Error: bad instruction `immediately before the EPI access.'
../driverlib/epi_workaround_ccs.s:216: Error: bad instruction `read the byte from EPI memory.'
../driverlib/epi_workaround_ccs.s:221: Error: bad instruction `make a dummy read from the stack to ensure that we don116have a flash'
../driverlib/epi_workaround_ccs.s:222: Error: bad instruction `data access immediately after the EPI access.'
../driverlib/epi_workaround_ccs.s:227: Error: bad instruction `return to the caller.'
gmake: *** [driverlib/epi_workaround_ccs.o] Error 1
'Building file: ../motor/Motor_DIO.c'
'Invoking: GNU Compiler'
"C:/ti/ccsv7/tools/compiler/gcc-arm-none-eabi-6-2017-q1-update/bin/arm-none-eabi-gcc.exe" -c -mcpu=cortex-m4 -march=armv7e-m -mthumb -mfloat-abi=hard -mfpu=fpv4-sp-d16 -DPART_TM4C123GH6PM -I"E:/Graduation project/coding/Final_Grad_CODE_INTEGRATION/MOTOR_PID_SERVO/motorpidservo" -I"C:/ti/ccsv7/tools/compiler/gcc-arm-none-eabi-6-2017-q1-update/arm-none-eabi/include" -ffunction-sections -fdata-sections -g -gdwarf-3 -gstrict-dwarf -Wall -specs="nosys.specs" -MD -std=c99 -c -MMD -MP -MF"motor/Motor_DIO.d" -MT"motor/Motor_DIO.o" -o"motor/Motor_DIO.o"  "../motor/Motor_DIO.c"
In file included from ../motor/Motor_DIO.h:11:0,
                 from ../motor/Motor_DIO.c:21:
../motor/../DriverIncludes.h:12:0: warning: "PART_TM4C123GH6PM" redefined
 #define PART_TM4C123GH6PM
 
<command-line>:0:0: note: this is the location of the previous definition
'Finished building: ../motor/Motor_DIO.c'
' '
gmake: Target 'all' not remade because of errors.

**** Build Finished ****
